<?xml version="1.0" encoding="UTF-8"?>
<!-- Generated by org.testng.reporters.JUnitXMLReporter -->
<testsuite ignored="0" hostname="DESKTOP-N3LRL61" failures="0" tests="24" name="Default test" time="54.205" errors="0" timestamp="2023-12-04T17:21:51 IST">
  <testcase classname="com.QA.test.Pages_Test" name="Home_Page_Title_Test" time="0.028"/>
  <testcase classname="com.QA.test.Pages_Test" name="Home_Page_Url_Test" time="0.018"/>
  <testcase classname="com.QA.test.Pages_Test" name="Home_Page_Verify_Home_PAge_Logo_Test" time="0.094"/>
  <testcase classname="com.QA.test.Pages_Test" name="Home_Page_Verify_Home_PAge_Links_Test" time="0.367"/>
  <testcase classname="com.QA.test.Pages_Test" name="Home_Page_Verify_Home_PAge_Products_Test" time="1.319"/>
  <testcase classname="com.QA.test.Pages_Test" name="Home_Page_Verify_Home_PAge_Products_Name_Test" time="0.219"/>
  <testcase classname="com.QA.test.Pages_Test" name="Home_Page_Verify_Home_PAge_Footer_Text_Test" time="0.27"/>
  <testcase classname="com.QA.test.Pages_Test" name="Login_Page_Url_Test" time="0.245"/>
  <testcase classname="com.QA.test.Pages_Test" name="Login_Page_Signu_UP_Test" time="10.821"/>
  <testcase classname="com.QA.test.Pages_Test" name="Login_Page_Login_Test" time="1.545"/>
  <testcase classname="com.QA.test.Pages_Test" name="Product_Page_Title_Test" time="9.584"/>
  <testcase classname="com.QA.test.Pages_Test" name="Product_Page_Url_Test" time="0.034"/>
  <testcase classname="com.QA.test.Pages_Test" name="Product_Page_Product_Name_Test" time="1.174"/>
  <testcase classname="com.QA.test.Pages_Test" name="Product_Page_Product_Description_Test" time="0.079"/>
  <testcase classname="com.QA.test.Pages_Test" name="Product_Page_Product_Cart_Test" time="5.265"/>
  <testcase classname="com.QA.test.Pages_Test" name="Checkout_Page_Title_Test" time="0.027"/>
  <testcase classname="com.QA.test.Pages_Test" name="Checkout_Page_Url_Test" time="0.018"/>
  <testcase classname="com.QA.test.Pages_Test" name="Checkout_Page_Product_Name_Test" time="6.986"/>
  <testcase classname="com.QA.test.Pages_Test" name="Checkout_Page_Product_price_Test" time="0.06"/>
  <testcase classname="com.QA.test.Pages_Test" name="Checkout_Page_Product_Total_price_Test" time="0.088"/>
  <testcase classname="com.QA.test.Pages_Test" name="Checkout_Page_Product_Place_Order_Test" time="0.144"/>
  <testcase classname="com.QA.test.Pages_Test" name="Address_Page_Send_Data_Test" time="1.709"/>
  <testcase classname="com.QA.test.Pages_Test" name="Address_Page_Purchase_Msg_Test" time="0.099"/>
  <testcase classname="com.QA.test.Pages_Test" name="Address_Page_Order_Msg_Test" time="0.089"/>
</testsuite> <!-- Default test -->
