<?xml version="1.0" encoding="UTF-8"?>
<!-- Generated by org.testng.reporters.JUnitXMLReporter -->
<testsuite ignored="0" hostname="DESKTOP-N3LRL61" failures="0" tests="24" name="Test" time="25.185" errors="0" timestamp="2023-12-04T19:11:27 IST">
  <testcase classname="com.QA.test.Pages_Test" name="Home_Page_Title_Test" time="0.028"/>
  <testcase classname="com.QA.test.Pages_Test" name="Home_Page_Url_Test" time="0.015"/>
  <testcase classname="com.QA.test.Pages_Test" name="Home_Page_Verify_Home_PAge_Logo_Test" time="0.111"/>
  <testcase classname="com.QA.test.Pages_Test" name="Home_Page_Verify_Home_PAge_Links_Test" time="0.676"/>
  <testcase classname="com.QA.test.Pages_Test" name="Home_Page_Verify_Home_PAge_Products_Test" time="0.167"/>
  <testcase classname="com.QA.test.Pages_Test" name="Home_Page_Verify_Home_PAge_Products_Name_Test" time="0.15"/>
  <testcase classname="com.QA.test.Pages_Test" name="Home_Page_Verify_Home_PAge_Footer_Text_Test" time="0.143"/>
  <testcase classname="com.QA.test.Pages_Test" name="Login_Page_Url_Test" time="0.18"/>
  <testcase classname="com.QA.test.Pages_Test" name="Login_Page_Signu_UP_Test" time="2.682"/>
  <testcase classname="com.QA.test.Pages_Test" name="Login_Page_Login_Test" time="0.93"/>
  <testcase classname="com.QA.test.Pages_Test" name="Product_Page_Title_Test" time="5.121"/>
  <testcase classname="com.QA.test.Pages_Test" name="Product_Page_Url_Test" time="0.019"/>
  <testcase classname="com.QA.test.Pages_Test" name="Product_Page_Product_Name_Test" time="0.942"/>
  <testcase classname="com.QA.test.Pages_Test" name="Product_Page_Product_Description_Test" time="0.051"/>
  <testcase classname="com.QA.test.Pages_Test" name="Product_Page_Product_Cart_Test" time="2.561"/>
  <testcase classname="com.QA.test.Pages_Test" name="Checkout_Page_Title_Test" time="0.054"/>
  <testcase classname="com.QA.test.Pages_Test" name="Checkout_Page_Url_Test" time="0.013"/>
  <testcase classname="com.QA.test.Pages_Test" name="Checkout_Page_Product_Name_Test" time="2.031"/>
  <testcase classname="com.QA.test.Pages_Test" name="Checkout_Page_Product_price_Test" time="0.049"/>
  <testcase classname="com.QA.test.Pages_Test" name="Checkout_Page_Product_Total_price_Test" time="0.063"/>
  <testcase classname="com.QA.test.Pages_Test" name="Checkout_Page_Product_Place_Order_Test" time="0.096"/>
  <testcase classname="com.QA.test.Pages_Test" name="Address_Page_Send_Data_Test" time="1.268"/>
  <testcase classname="com.QA.test.Pages_Test" name="Address_Page_Purchase_Msg_Test" time="0.076"/>
  <testcase classname="com.QA.test.Pages_Test" name="Address_Page_Order_Msg_Test" time="0.063"/>
</testsuite> <!-- Test -->
