<?xml version="1.0" encoding="UTF-8"?>
<!-- Generated by org.testng.reporters.JUnitXMLReporter -->
<testsuite ignored="0" hostname="DESKTOP-N3LRL61" failures="0" tests="24" name="Page Test" time="25.992" errors="0" timestamp="2023-12-06T12:29:37 IST">
  <testcase classname="com.QA.test.Pages_Test" name="Home_Page_Title_Test" time="0.019"/>
  <testcase classname="com.QA.test.Pages_Test" name="Home_Page_Url_Test" time="0.029"/>
  <testcase classname="com.QA.test.Pages_Test" name="Home_Page_Verify_Home_PAge_Logo_Test" time="0.128"/>
  <testcase classname="com.QA.test.Pages_Test" name="Home_Page_Verify_Home_PAge_Links_Test" time="0.628"/>
  <testcase classname="com.QA.test.Pages_Test" name="Home_Page_Verify_Home_PAge_Products_Test" time="0.149"/>
  <testcase classname="com.QA.test.Pages_Test" name="Home_Page_Verify_Home_PAge_Products_Name_Test" time="0.17"/>
  <testcase classname="com.QA.test.Pages_Test" name="Home_Page_Verify_Home_PAge_Footer_Text_Test" time="0.166"/>
  <testcase classname="com.QA.test.Pages_Test" name="Login_Page_Url_Test" time="0.159"/>
  <testcase classname="com.QA.test.Pages_Test" name="Login_Page_Signu_UP_Test" time="3.73"/>
  <testcase classname="com.QA.test.Pages_Test" name="Login_Page_Login_Test" time="0.944"/>
  <testcase classname="com.QA.test.Pages_Test" name="Product_Page_Title_Test" time="4.989"/>
  <testcase classname="com.QA.test.Pages_Test" name="Product_Page_Url_Test" time="0.023"/>
  <testcase classname="com.QA.test.Pages_Test" name="Product_Page_Product_Name_Test" time="0.764"/>
  <testcase classname="com.QA.test.Pages_Test" name="Product_Page_Product_Description_Test" time="0.05"/>
  <testcase classname="com.QA.test.Pages_Test" name="Product_Page_Product_Cart_Test" time="2.688"/>
  <testcase classname="com.QA.test.Pages_Test" name="Checkout_Page_Title_Test" time="0.064"/>
  <testcase classname="com.QA.test.Pages_Test" name="Checkout_Page_Url_Test" time="0.013"/>
  <testcase classname="com.QA.test.Pages_Test" name="Checkout_Page_Product_Name_Test" time="1.261"/>
  <testcase classname="com.QA.test.Pages_Test" name="Checkout_Page_Product_price_Test" time="0.045"/>
  <testcase classname="com.QA.test.Pages_Test" name="Checkout_Page_Product_Total_price_Test" time="0.052"/>
  <testcase classname="com.QA.test.Pages_Test" name="Checkout_Page_Product_Place_Order_Test" time="0.101"/>
  <testcase classname="com.QA.test.Pages_Test" name="Address_Page_Send_Data_Test" time="1.401"/>
  <testcase classname="com.QA.test.Pages_Test" name="Address_Page_Purchase_Msg_Test" time="0.06"/>
  <testcase classname="com.QA.test.Pages_Test" name="Address_Page_Order_Msg_Test" time="0.068"/>
</testsuite> <!-- Page Test -->
