<?xml version="1.0" encoding="UTF-8"?>
<testng-results ignored="0" total="24" passed="24" failed="0" skipped="0">
  <reporter-output>
  </reporter-output>
  <suite started-at="2023-12-06T12:29:10 IST" name="Suite" finished-at="2023-12-06T12:29:36 IST" duration-ms="25992">
    <groups>
    </groups>
    <test started-at="2023-12-06T12:29:10 IST" name="Page Test" finished-at="2023-12-06T12:29:36 IST" duration-ms="25992">
      <class name="com.QA.test.Pages_Test">
        <test-method is-config="true" signature="Set_up()[pri:0, instance:com.QA.test.Pages_Test@2d52216b]" started-at="2023-12-06T12:29:11 IST" name="Set_up" finished-at="2023-12-06T12:29:18 IST" duration-ms="7479" status="PASS">
          <reporter-output>
          </reporter-output>
        </test-method> <!-- Set_up -->
        <test-method is-config="true" signature="Init_Prop()[pri:0, instance:com.QA.test.Pages_Test@2d52216b]" started-at="2023-12-06T12:29:18 IST" name="Init_Prop" finished-at="2023-12-06T12:29:18 IST" duration-ms="8" status="PASS">
          <reporter-output>
          </reporter-output>
        </test-method> <!-- Init_Prop -->
        <test-method signature="Home_Page_Title_Test()[pri:1, instance:com.QA.test.Pages_Test@2d52216b]" started-at="2023-12-06T12:29:18 IST" name="Home_Page_Title_Test" finished-at="2023-12-06T12:29:18 IST" duration-ms="19" status="PASS">
          <reporter-output>
          </reporter-output>
        </test-method> <!-- Home_Page_Title_Test -->
        <test-method signature="Home_Page_Url_Test()[pri:2, instance:com.QA.test.Pages_Test@2d52216b]" started-at="2023-12-06T12:29:18 IST" name="Home_Page_Url_Test" finished-at="2023-12-06T12:29:18 IST" duration-ms="29" status="PASS">
          <reporter-output>
          </reporter-output>
        </test-method> <!-- Home_Page_Url_Test -->
        <test-method signature="Home_Page_Verify_Home_PAge_Logo_Test()[pri:3, instance:com.QA.test.Pages_Test@2d52216b]" started-at="2023-12-06T12:29:18 IST" name="Home_Page_Verify_Home_PAge_Logo_Test" finished-at="2023-12-06T12:29:19 IST" duration-ms="128" status="PASS">
          <reporter-output>
          </reporter-output>
        </test-method> <!-- Home_Page_Verify_Home_PAge_Logo_Test -->
        <test-method signature="Home_Page_Verify_Home_PAge_Links_Test()[pri:4, instance:com.QA.test.Pages_Test@2d52216b]" started-at="2023-12-06T12:29:19 IST" name="Home_Page_Verify_Home_PAge_Links_Test" finished-at="2023-12-06T12:29:19 IST" duration-ms="628" status="PASS">
          <reporter-output>
          </reporter-output>
        </test-method> <!-- Home_Page_Verify_Home_PAge_Links_Test -->
        <test-method signature="Home_Page_Verify_Home_PAge_Products_Test()[pri:5, instance:com.QA.test.Pages_Test@2d52216b]" started-at="2023-12-06T12:29:19 IST" name="Home_Page_Verify_Home_PAge_Products_Test" finished-at="2023-12-06T12:29:19 IST" duration-ms="149" status="PASS">
          <reporter-output>
          </reporter-output>
        </test-method> <!-- Home_Page_Verify_Home_PAge_Products_Test -->
        <test-method signature="Home_Page_Verify_Home_PAge_Products_Name_Test()[pri:6, instance:com.QA.test.Pages_Test@2d52216b]" started-at="2023-12-06T12:29:19 IST" name="Home_Page_Verify_Home_PAge_Products_Name_Test" finished-at="2023-12-06T12:29:20 IST" duration-ms="170" status="PASS">
          <reporter-output>
          </reporter-output>
        </test-method> <!-- Home_Page_Verify_Home_PAge_Products_Name_Test -->
        <test-method signature="Home_Page_Verify_Home_PAge_Footer_Text_Test()[pri:7, instance:com.QA.test.Pages_Test@2d52216b]" started-at="2023-12-06T12:29:20 IST" name="Home_Page_Verify_Home_PAge_Footer_Text_Test" finished-at="2023-12-06T12:29:20 IST" duration-ms="166" status="PASS">
          <reporter-output>
          </reporter-output>
        </test-method> <!-- Home_Page_Verify_Home_PAge_Footer_Text_Test -->
        <test-method signature="Login_Page_Url_Test()[pri:8, instance:com.QA.test.Pages_Test@2d52216b]" started-at="2023-12-06T12:29:20 IST" name="Login_Page_Url_Test" finished-at="2023-12-06T12:29:20 IST" duration-ms="159" status="PASS">
          <reporter-output>
          </reporter-output>
        </test-method> <!-- Login_Page_Url_Test -->
        <test-method signature="Login_Page_Signu_UP_Test()[pri:9, instance:com.QA.test.Pages_Test@2d52216b]" started-at="2023-12-06T12:29:20 IST" name="Login_Page_Signu_UP_Test" finished-at="2023-12-06T12:29:24 IST" duration-ms="3730" status="PASS">
          <reporter-output>
          </reporter-output>
        </test-method> <!-- Login_Page_Signu_UP_Test -->
        <test-method signature="Login_Page_Login_Test()[pri:10, instance:com.QA.test.Pages_Test@2d52216b]" started-at="2023-12-06T12:29:24 IST" name="Login_Page_Login_Test" finished-at="2023-12-06T12:29:25 IST" duration-ms="944" status="PASS">
          <reporter-output>
          </reporter-output>
        </test-method> <!-- Login_Page_Login_Test -->
        <test-method signature="Product_Page_Title_Test()[pri:11, instance:com.QA.test.Pages_Test@2d52216b]" started-at="2023-12-06T12:29:25 IST" name="Product_Page_Title_Test" finished-at="2023-12-06T12:29:30 IST" duration-ms="4989" status="PASS">
          <reporter-output>
          </reporter-output>
        </test-method> <!-- Product_Page_Title_Test -->
        <test-method signature="Product_Page_Url_Test()[pri:12, instance:com.QA.test.Pages_Test@2d52216b]" started-at="2023-12-06T12:29:30 IST" name="Product_Page_Url_Test" finished-at="2023-12-06T12:29:30 IST" duration-ms="23" status="PASS">
          <reporter-output>
          </reporter-output>
        </test-method> <!-- Product_Page_Url_Test -->
        <test-method signature="Product_Page_Product_Name_Test()[pri:13, instance:com.QA.test.Pages_Test@2d52216b]" started-at="2023-12-06T12:29:30 IST" name="Product_Page_Product_Name_Test" finished-at="2023-12-06T12:29:30 IST" duration-ms="764" status="PASS">
          <reporter-output>
          </reporter-output>
        </test-method> <!-- Product_Page_Product_Name_Test -->
        <test-method signature="Product_Page_Product_Description_Test()[pri:14, instance:com.QA.test.Pages_Test@2d52216b]" started-at="2023-12-06T12:29:30 IST" name="Product_Page_Product_Description_Test" finished-at="2023-12-06T12:29:30 IST" duration-ms="50" status="PASS">
          <reporter-output>
          </reporter-output>
        </test-method> <!-- Product_Page_Product_Description_Test -->
        <test-method signature="Product_Page_Product_Cart_Test()[pri:15, instance:com.QA.test.Pages_Test@2d52216b]" started-at="2023-12-06T12:29:30 IST" name="Product_Page_Product_Cart_Test" finished-at="2023-12-06T12:29:33 IST" duration-ms="2688" status="PASS">
          <reporter-output>
          </reporter-output>
        </test-method> <!-- Product_Page_Product_Cart_Test -->
        <test-method signature="Checkout_Page_Title_Test()[pri:16, instance:com.QA.test.Pages_Test@2d52216b]" started-at="2023-12-06T12:29:33 IST" name="Checkout_Page_Title_Test" finished-at="2023-12-06T12:29:33 IST" duration-ms="64" status="PASS">
          <reporter-output>
          </reporter-output>
        </test-method> <!-- Checkout_Page_Title_Test -->
        <test-method signature="Checkout_Page_Url_Test()[pri:17, instance:com.QA.test.Pages_Test@2d52216b]" started-at="2023-12-06T12:29:33 IST" name="Checkout_Page_Url_Test" finished-at="2023-12-06T12:29:33 IST" duration-ms="13" status="PASS">
          <reporter-output>
          </reporter-output>
        </test-method> <!-- Checkout_Page_Url_Test -->
        <test-method signature="Checkout_Page_Product_Name_Test()[pri:18, instance:com.QA.test.Pages_Test@2d52216b]" started-at="2023-12-06T12:29:33 IST" name="Checkout_Page_Product_Name_Test" finished-at="2023-12-06T12:29:34 IST" duration-ms="1261" status="PASS">
          <reporter-output>
          </reporter-output>
        </test-method> <!-- Checkout_Page_Product_Name_Test -->
        <test-method signature="Checkout_Page_Product_price_Test()[pri:19, instance:com.QA.test.Pages_Test@2d52216b]" started-at="2023-12-06T12:29:34 IST" name="Checkout_Page_Product_price_Test" finished-at="2023-12-06T12:29:34 IST" duration-ms="45" status="PASS">
          <reporter-output>
          </reporter-output>
        </test-method> <!-- Checkout_Page_Product_price_Test -->
        <test-method signature="Checkout_Page_Product_Total_price_Test()[pri:20, instance:com.QA.test.Pages_Test@2d52216b]" started-at="2023-12-06T12:29:34 IST" name="Checkout_Page_Product_Total_price_Test" finished-at="2023-12-06T12:29:34 IST" duration-ms="52" status="PASS">
          <reporter-output>
          </reporter-output>
        </test-method> <!-- Checkout_Page_Product_Total_price_Test -->
        <test-method signature="Checkout_Page_Product_Place_Order_Test()[pri:21, instance:com.QA.test.Pages_Test@2d52216b]" started-at="2023-12-06T12:29:34 IST" name="Checkout_Page_Product_Place_Order_Test" finished-at="2023-12-06T12:29:35 IST" duration-ms="101" status="PASS">
          <reporter-output>
          </reporter-output>
        </test-method> <!-- Checkout_Page_Product_Place_Order_Test -->
        <test-method signature="Address_Page_Send_Data_Test()[pri:22, instance:com.QA.test.Pages_Test@2d52216b]" started-at="2023-12-06T12:29:35 IST" name="Address_Page_Send_Data_Test" finished-at="2023-12-06T12:29:36 IST" duration-ms="1401" status="PASS">
          <reporter-output>
          </reporter-output>
        </test-method> <!-- Address_Page_Send_Data_Test -->
        <test-method signature="Address_Page_Purchase_Msg_Test()[pri:23, instance:com.QA.test.Pages_Test@2d52216b]" started-at="2023-12-06T12:29:36 IST" name="Address_Page_Purchase_Msg_Test" finished-at="2023-12-06T12:29:36 IST" duration-ms="60" status="PASS">
          <reporter-output>
          </reporter-output>
        </test-method> <!-- Address_Page_Purchase_Msg_Test -->
        <test-method signature="Address_Page_Order_Msg_Test()[pri:24, instance:com.QA.test.Pages_Test@2d52216b]" started-at="2023-12-06T12:29:36 IST" name="Address_Page_Order_Msg_Test" finished-at="2023-12-06T12:29:36 IST" duration-ms="68" status="PASS">
          <reporter-output>
          </reporter-output>
        </test-method> <!-- Address_Page_Order_Msg_Test -->
        <test-method is-config="true" signature="Tear_Down()[pri:0, instance:com.QA.test.Pages_Test@2d52216b]" started-at="2023-12-06T12:29:36 IST" name="Tear_Down" finished-at="2023-12-06T12:29:36 IST" duration-ms="269" status="PASS">
          <reporter-output>
          </reporter-output>
        </test-method> <!-- Tear_Down -->
      </class> <!-- com.QA.test.Pages_Test -->
    </test> <!-- Page Test -->
  </suite> <!-- Suite -->
</testng-results>
