<?xml version="1.0" encoding="UTF-8"?>
<testsuite xmlns:xsi="http://www.w3.org/2001/XMLSchema-instance" xsi:noNamespaceSchemaLocation="https://maven.apache.org/surefire/maven-surefire-plugin/xsd/surefire-test-report-3.0.xsd" version="3.0" name="TestSuite" time="32.593" tests="24" errors="0" skipped="0" failures="0">
  <properties>
[...]
</properties>
  <testcase name="Home_Page_Title_Test" classname="com.QA.test.Pages_Test" time="0.116">
    <system-out><![CDATA[On Start method invoked....
[DEBUG] 2023-12-05 17:23:44.311 [main] Pages_Test - Started.......
Name of test method started:Home_Page_Title_Test
Home Page Title : STORE
[INFO ] 2023-12-05 17:23:44.416 [main] Pages_Test - Home Page Title Test Started...
[INFO ] 2023-12-05 17:23:44.421 [main] Pages_Test - Home Page Title Matched...
Name of test method sucessfully executed:Home_Page_Title_Test
]]></system-out>
    <system-err><![CDATA[SLF4J: Failed to load class "org.slf4j.impl.StaticLoggerBinder".
SLF4J: Defaulting to no-operation (NOP) logger implementation
SLF4J: See http://www.slf4j.org/codes.html#StaticLoggerBinder for further details.
]]></system-err>
  </testcase>
  <testcase name="Home_Page_Url_Test" classname="com.QA.test.Pages_Test" time="0.032">
    <system-out><![CDATA[Name of test method started:Home_Page_Url_Test
Home Page Url : https://www.demoblaze.com/
[INFO ] 2023-12-05 17:23:44.537 [main] Pages_Test - Home Page Url Test Started...
[INFO ] 2023-12-05 17:23:44.537 [main] Pages_Test - Home Page Url Matched...
Name of test method sucessfully executed:Home_Page_Url_Test
]]></system-out>
  </testcase>
  <testcase name="Home_Page_Verify_Home_PAge_Logo_Test" classname="com.QA.test.Pages_Test" time="0.269">
    <system-out><![CDATA[Name of test method started:Home_Page_Verify_Home_PAge_Logo_Test
Home Page logo : true
[INFO ] 2023-12-05 17:23:44.668 [main] Pages_Test - Home Page Logo Test Started...
[INFO ] 2023-12-05 17:23:44.668 [main] Pages_Test - Home Page logo Matched...
Name of test method sucessfully executed:Home_Page_Verify_Home_PAge_Logo_Test
]]></system-out>
  </testcase>
  <testcase name="Home_Page_Verify_Home_PAge_Links_Test" classname="com.QA.test.Pages_Test" time="0.936">
    <system-out><![CDATA[Name of test method started:Home_Page_Verify_Home_PAge_Links_Test
PRODUCT STORE
Home
(current)
Contact
About us
Cart
Log in


Sign up
Previous
Next
CATEGORIES
Phones
Laptops
Monitors

Samsung galaxy s6

Nokia lumia 1520

Nexus 6

Samsung galaxy s7

Iphone 6 32gb

Sony xperia z5

HTC One M9

Sony vaio i5

Sony vaio i7
Home Page links : 33
[INFO ] 2023-12-05 17:23:45.748 [main] Pages_Test - Home Page Links Test Started...
Name of test method sucessfully executed:Home_Page_Verify_Home_PAge_Links_Test
]]></system-out>
  </testcase>
  <testcase name="Home_Page_Verify_Home_PAge_Products_Test" classname="com.QA.test.Pages_Test" time="0.234">
    <system-out><![CDATA[Name of test method started:Home_Page_Verify_Home_PAge_Products_Test
Samsung galaxy s6
$360
The Samsung Galaxy S6 is powered by 1.5GHz octa-core Samsung Exynos 7420 processor and it comes with 3GB of RAM. The phone packs 32GB of internal storage cannot be expanded.
Nokia lumia 1520
$820
The Nokia Lumia 1520 is powered by 2.2GHz quad-core Qualcomm Snapdragon 800 processor and it comes with 2GB of RAM.
Nexus 6
$650
The Motorola Google Nexus 6 is powered by 2.7GHz quad-core Qualcomm Snapdragon 805 processor and it comes with 3GB of RAM.
Samsung galaxy s7
$800
The Samsung Galaxy S7 is powered by 1.6GHz octa-core it comes with 4GB of RAM. The phone packs 32GB of internal storage that can be expanded up to 200GB via a microSD card.
Iphone 6 32gb
$790
It comes with 1GB of RAM. The phone packs 16GB of internal storage cannot be expanded. As far as the cameras are concerned, the Apple iPhone 6 packs a 8-megapixel primary camera on the rear and a 1.2-megapixel front shooter for selfies.
Sony xperia z5
$320
Sony Xperia Z5 Dual smartphone was launched in September 2015. The phone comes with a 5.20-inch touchscreen display with a resolution of 1080 pixels by 1920 pixels at a PPI of 424 pixels per inch.
HTC One M9
$700
The HTC One M9 is powered by 1.5GHz octa-core Qualcomm Snapdragon 810 processor and it comes with 3GB of RAM. The phone packs 32GB of internal storage that can be expanded up to 128GB via a microSD card.
Sony vaio i5
$790
Sony is so confident that the VAIO S is a superior ultraportable laptop that the company proudly compares the notebook to Apple's 13-inch MacBook Pro. And in a lot of ways this notebook is better, thanks to a lighter weight.
Sony vaio i7
$790
REVIEW Sony is so confident that the VAIO S is a superior ultraportable laptop that the company proudly compares the notebook to Apple's 13-inch MacBook Pro. And in a lot of ways this notebook is better, thanks to a lighter weight, higher-resolution display, more storage space, and a Blu-ray drive.
Home Page products : 9
[INFO ] 2023-12-05 17:23:45.975 [main] Pages_Test - Home Page Products Test Started...
[INFO ] 2023-12-05 17:23:45.975 [main] Pages_Test - Home Page Products Matched...
Name of test method sucessfully executed:Home_Page_Verify_Home_PAge_Products_Test
]]></system-out>
  </testcase>
  <testcase name="Home_Page_Verify_Home_PAge_Products_Name_Test" classname="com.QA.test.Pages_Test" time="0.216">
    <system-out><![CDATA[Name of test method started:Home_Page_Verify_Home_PAge_Products_Name_Test
Samsung galaxy s6
Nokia lumia 1520
Nexus 6
Samsung galaxy s7
Iphone 6 32gb
Sony xperia z5
HTC One M9
Sony vaio i5
Sony vaio i7
[INFO ] 2023-12-05 17:23:46.202 [main] Pages_Test - Home Page Products name Verified...
Name of test method sucessfully executed:Home_Page_Verify_Home_PAge_Products_Name_Test
]]></system-out>
  </testcase>
  <testcase name="Home_Page_Verify_Home_PAge_Footer_Text_Test" classname="com.QA.test.Pages_Test" time="0.184">
    <system-out><![CDATA[Name of test method started:Home_Page_Verify_Home_PAge_Footer_Text_Test
About Us
We believe performance needs to be validated at every stage of the software development cycle and our open source compatible, massively scalable platform makes that a reality.
About Us
We believe performance needs to be validated at every stage of the software development cycle and our open source compatible, massively scalable platform makes that a reality.
About Us
We believe performance needs to be validated at every stage of the software development cycle and our open source compatible, massively scalable platform makes that a reality.
Get in Touch
Address: 2390 El Camino Real
Phone: +440 123456
Email: demo@blazemeter.com
Get in Touch
Address: 2390 El Camino Real
Phone: +440 123456
Email: demo@blazemeter.com
Get in Touch
Address: 2390 El Camino Real
Phone: +440 123456
Email: demo@blazemeter.com
PRODUCT STORE
PRODUCT STORE
PRODUCT STORE
[INFO ] 2023-12-05 17:23:46.389 [main] Pages_Test - Home Page Footer Text Verified...
Name of test method sucessfully executed:Home_Page_Verify_Home_PAge_Footer_Text_Test
]]></system-out>
  </testcase>
  <testcase name="Login_Page_Url_Test" classname="com.QA.test.Pages_Test" time="0.174">
    <system-out><![CDATA[Name of test method started:Login_Page_Url_Test
Login Url : STORE
[INFO ] 2023-12-05 17:23:46.559 [main] Pages_Test - Login Page Title Test Started...
[INFO ] 2023-12-05 17:23:46.559 [main] Pages_Test - Login Page Title Matched...
Name of test method sucessfully executed:Login_Page_Url_Test
]]></system-out>
  </testcase>
  <testcase name="Login_Page_Signu_UP_Test" classname="com.QA.test.Pages_Test" time="3.276">
    <system-out><![CDATA[Name of test method started:Login_Page_Signu_UP_Test
[INFO ] 2023-12-05 17:23:49.840 [main] Pages_Test - Login Page Signup Done...
Name of test method sucessfully executed:Login_Page_Signu_UP_Test
]]></system-out>
  </testcase>
  <testcase name="Login_Page_Login_Test" classname="com.QA.test.Pages_Test" time="0.916">
    <system-out><![CDATA[Name of test method started:Login_Page_Login_Test
[INFO ] 2023-12-05 17:23:50.755 [main] Pages_Test - Login Page Login Done...
Name of test method sucessfully executed:Login_Page_Login_Test
]]></system-out>
  </testcase>
  <testcase name="Product_Page_Title_Test" classname="com.QA.test.Pages_Test" time="5.361">
    <system-out><![CDATA[Name of test method started:Product_Page_Title_Test
Product Title : STORE
[INFO ] 2023-12-05 17:23:56.105 [main] Pages_Test - Product Page Title Test Started
[INFO ] 2023-12-05 17:23:56.105 [main] Pages_Test - Product Page Title Matched
Name of test method sucessfully executed:Product_Page_Title_Test
]]></system-out>
  </testcase>
  <testcase name="Product_Page_Url_Test" classname="com.QA.test.Pages_Test" time="0.052">
    <system-out><![CDATA[Name of test method started:Product_Page_Url_Test
Product url : https://www.demoblaze.com/prod.html?idp_=1
[INFO ] 2023-12-05 17:23:56.125 [main] Pages_Test - Product Page Url Test Started
[INFO ] 2023-12-05 17:23:56.126 [main] Pages_Test - Product Page Url Matched
Name of test method sucessfully executed:Product_Page_Url_Test
]]></system-out>
  </testcase>
  <testcase name="Product_Page_Product_Name_Test" classname="com.QA.test.Pages_Test" time="0.773">
    <system-out><![CDATA[Name of test method started:Product_Page_Product_Name_Test
Samsung galaxy s6
[INFO ] 2023-12-05 17:23:56.941 [main] Pages_Test - Product Page Product Name Test Started
[INFO ] 2023-12-05 17:23:56.941 [main] Pages_Test - Product Page Product Name Matched
Name of test method sucessfully executed:Product_Page_Product_Name_Test
]]></system-out>
  </testcase>
  <testcase name="Product_Page_Product_Description_Test" classname="com.QA.test.Pages_Test" time="0.055">
    <system-out><![CDATA[Name of test method started:Product_Page_Product_Description_Test
Product description
The Samsung Galaxy S6 is powered by 1.5GHz octa-core Samsung Exynos 7420 processor and it comes with 3GB of RAM. The phone packs 32GB of internal storage cannot be expanded.
[INFO ] 2023-12-05 17:23:56.993 [main] Pages_Test - Product Page Product Description Test Started
[INFO ] 2023-12-05 17:23:56.993 [main] Pages_Test - Product Page Product Description matched
Name of test method sucessfully executed:Product_Page_Product_Description_Test
]]></system-out>
  </testcase>
  <testcase name="Product_Page_Product_Cart_Test" classname="com.QA.test.Pages_Test" time="2.284">
    <system-out><![CDATA[Name of test method started:Product_Page_Product_Cart_Test
[INFO ] 2023-12-05 17:23:59.272 [main] Pages_Test - Product Page Click on cart button done
Name of test method sucessfully executed:Product_Page_Product_Cart_Test
]]></system-out>
  </testcase>
  <testcase name="Checkout_Page_Title_Test" classname="com.QA.test.Pages_Test" time="0.07">
    <system-out><![CDATA[Name of test method started:Checkout_Page_Title_Test
Checkout Title : STORE
[INFO ] 2023-12-05 17:23:59.345 [main] Pages_Test - Checkout Page Title Test Started..
[INFO ] 2023-12-05 17:23:59.345 [main] Pages_Test - Checkout Page Title Matched..
Name of test method sucessfully executed:Checkout_Page_Title_Test
]]></system-out>
  </testcase>
  <testcase name="Checkout_Page_Url_Test" classname="com.QA.test.Pages_Test" time="0.026">
    <system-out><![CDATA[Name of test method started:Checkout_Page_Url_Test
Checkout url : https://www.demoblaze.com/cart.html
[INFO ] 2023-12-05 17:23:59.362 [main] Pages_Test - Checkout Page Url Test Started..
[INFO ] 2023-12-05 17:23:59.363 [main] Pages_Test - Checkout Page Title Matched..
Name of test method sucessfully executed:Checkout_Page_Url_Test
]]></system-out>
  </testcase>
  <testcase name="Checkout_Page_Product_Name_Test" classname="com.QA.test.Pages_Test" time="2.841">
    <system-out><![CDATA[Name of test method started:Checkout_Page_Product_Name_Test
Samsung galaxy s6
[INFO ] 2023-12-05 17:24:02.213 [main] Pages_Test - Checkout Page Product Name Test Started..
[INFO ] 2023-12-05 17:24:02.214 [main] Pages_Test - Checkout Page Product Name Matched..
Name of test method sucessfully executed:Checkout_Page_Product_Name_Test
]]></system-out>
  </testcase>
  <testcase name="Checkout_Page_Product_price_Test" classname="com.QA.test.Pages_Test" time="0.066">
    <system-out><![CDATA[Name of test method started:Checkout_Page_Product_price_Test
360
[INFO ] 2023-12-05 17:24:02.283 [main] Pages_Test - Checkout Page Product Price Test Started..
[INFO ] 2023-12-05 17:24:02.283 [main] Pages_Test - Checkout Page Product Name Matched..
Name of test method sucessfully executed:Checkout_Page_Product_price_Test
]]></system-out>
  </testcase>
  <testcase name="Checkout_Page_Product_Total_price_Test" classname="com.QA.test.Pages_Test" time="0.068">
    <system-out><![CDATA[Name of test method started:Checkout_Page_Product_Total_price_Test
360
[INFO ] 2023-12-05 17:24:02.347 [main] Pages_Test - Checkout Page Product Price Test Started..
[INFO ] 2023-12-05 17:24:02.347 [main] Pages_Test - Checkout Page Product price matched..
Name of test method sucessfully executed:Checkout_Page_Product_Total_price_Test
]]></system-out>
  </testcase>
  <testcase name="Checkout_Page_Product_Place_Order_Test" classname="com.QA.test.Pages_Test" time="0.265">
    <system-out><![CDATA[Name of test method started:Checkout_Page_Product_Place_Order_Test
[INFO ] 2023-12-05 17:24:02.494 [main] Pages_Test - Checkout Page Click on place Order..
Name of test method sucessfully executed:Checkout_Page_Product_Place_Order_Test
]]></system-out>
  </testcase>
  <testcase name="Address_Page_Send_Data_Test" classname="com.QA.test.Pages_Test" time="1.224">
    <system-out><![CDATA[Name of test method started:Address_Page_Send_Data_Test
[INFO ] 2023-12-05 17:24:03.835 [main] Pages_Test - Address Page Data Send
Name of test method sucessfully executed:Address_Page_Send_Data_Test
]]></system-out>
  </testcase>
  <testcase name="Address_Page_Purchase_Msg_Test" classname="com.QA.test.Pages_Test" time="0.091">
    <system-out><![CDATA[Name of test method started:Address_Page_Purchase_Msg_Test
Thank you for your purchase!
[INFO ] 2023-12-05 17:24:03.923 [main] Pages_Test - Address Page Purchase Msg Test Started
[INFO ] 2023-12-05 17:24:03.923 [main] Pages_Test - Address Page Purchase Msg Matched..
Name of test method sucessfully executed:Address_Page_Purchase_Msg_Test
]]></system-out>
  </testcase>
  <testcase name="Address_Page_Order_Msg_Test" classname="com.QA.test.Pages_Test" time="0.07">
    <system-out><![CDATA[Name of test method started:Address_Page_Order_Msg_Test
Id: 5910802
Amount: 360 USD
Card Number: 3333333333
Name: Kristopher Hauck
Date: 5/11/2023
[INFO ] 2023-12-05 17:24:04.001 [main] Pages_Test - Address Page Order Msg Test Started
Name of test method sucessfully executed:Address_Page_Order_Msg_Test
]]></system-out>
  </testcase>
</testsuite>